app/build/intermediates/manifest_merge_blame_file/debug/manifest-merger-blame-debug-report.txt
1<?xml version="1.0" encoding="utf-8"?>
2<manifest xmlns:android="http://schemas.android.com/apk/res/android"
3    package="org.tensorflow.codelabs.objectdetection"
4    android:versionCode="1"
5    android:versionName="1.0" >
6
7    <uses-sdk
8        android:minSdkVersion="23"
9        android:targetSdkVersion="30" />
10
11    <queries>
11-->src\main\AndroidManifest.xml:4:5-8:15
12        <intent>
12-->src\main\AndroidManifest.xml:5:9-7:18
13            <action android:name="android.media.action.IMAGE_CAPTURE" />
13-->src\main\AndroidManifest.xml:6:13-73
13-->src\main\AndroidManifest.xml:6:21-70
14        </intent>
15    </queries>
16
17    <uses-permission android:name="android.permission.WRITE_EXTERNAL_STORAGE" />
18    <uses-permission android:name="android.permission.READ_PHONE_STATE" />
19    <uses-permission android:name="android.permission.READ_EXTERNAL_STORAGE" />
20
21    <application
21-->src\main\AndroidManifest.xml:10:5-34:19
22        android:allowBackup="true"
22-->src\main\AndroidManifest.xml:11:9-35
23        android:appComponentFactory="androidx.core.app.CoreComponentFactory"
23-->[androidx.core:core:1.3.2] AndroidManifest.xml:24:18-86
24        android:debuggable="true"
25        android:extractNativeLibs="false"
26        android:icon="@drawable/logo"
26-->src\main\AndroidManifest.xml:12:9-38
27        android:label="@string/app_name"
27-->src\main\AndroidManifest.xml:13:9-41
28        android:roundIcon="@drawable/logo"
28-->src\main\AndroidManifest.xml:14:9-43
29        android:supportsRtl="true"
29-->src\main\AndroidManifest.xml:15:9-35
30        android:testOnly="true"
31        android:theme="@style/Theme.ObjectDetection" >
31-->src\main\AndroidManifest.xml:16:9-53
32        <activity android:name="gfg.bangkit.capstone.tunecheck.MainActivity" >
32-->src\main\AndroidManifest.xml:17:9-23:20
32-->src\main\AndroidManifest.xml:17:19-77
33            <intent-filter>
33-->src\main\AndroidManifest.xml:18:13-22:29
34                <action android:name="android.intent.action.MAIN" />
34-->src\main\AndroidManifest.xml:19:17-69
34-->src\main\AndroidManifest.xml:19:25-66
35
36                <category android:name="android.intent.category.LAUNCHER" />
36-->src\main\AndroidManifest.xml:21:17-77
36-->src\main\AndroidManifest.xml:21:27-74
37            </intent-filter>
38        </activity>
39
40        <provider
40-->src\main\AndroidManifest.xml:25:9-33:20
41            android:name="androidx.core.content.FileProvider"
41-->src\main\AndroidManifest.xml:26:13-62
42            android:authorities="org.tensorflow.codelabs.objectdetection.fileprovider"
42-->src\main\AndroidManifest.xml:27:13-87
43            android:exported="false"
43-->src\main\AndroidManifest.xml:28:13-37
44            android:grantUriPermissions="true" >
44-->src\main\AndroidManifest.xml:29:13-47
45            <meta-data
45-->src\main\AndroidManifest.xml:30:13-32:54
46                android:name="android.support.FILE_PROVIDER_PATHS"
46-->src\main\AndroidManifest.xml:31:17-67
47                android:resource="@xml/file_paths" />
47-->src\main\AndroidManifest.xml:32:17-51
48        </provider>
49    </application>
50
51</manifest>